0 info it worked if it ends with ok
1 verbose cli [ '/usr/local/bin/node',
1 verbose cli   '/usr/local/bin/npm',
1 verbose cli   '-g',
1 verbose cli   'install',
1 verbose cli   'lib32stdc++6' ]
2 info using npm@2.14.7
3 info using node@v4.2.3
4 verbose install initial load of /usr/local/lib/package.json
5 verbose readDependencies loading dependencies from /usr/local/lib/package.json
6 silly cache add args [ 'lib32stdc++6', null ]
7 verbose cache add spec lib32stdc++6
8 silly cache add parsed spec Result {
8 silly cache add   raw: 'lib32stdc++6',
8 silly cache add   scope: null,
8 silly cache add   name: null,
8 silly cache add   rawSpec: 'lib32stdc++6',
8 silly cache add   spec: '/Users/zacharytufford/Documents/chefsource/chefsourceIonic/lib32stdc++6',
8 silly cache add   type: 'local' }
9 error addLocal Could not install /Users/zacharytufford/Documents/chefsource/chefsourceIonic/lib32stdc++6
10 verbose stack Error: ENOENT: no such file or directory, open '/Users/zacharytufford/Documents/chefsource/chefsourceIonic/lib32stdc++6'
10 verbose stack     at Error (native)
11 verbose cwd /Users/zacharytufford/Documents/chefsource/chefsourceIonic
12 error Darwin 14.5.0
13 error argv "/usr/local/bin/node" "/usr/local/bin/npm" "-g" "install" "lib32stdc++6"
14 error node v4.2.3
15 error npm  v2.14.7
16 error path /Users/zacharytufford/Documents/chefsource/chefsourceIonic/lib32stdc++6
17 error code ENOENT
18 error errno -2
19 error syscall open
20 error enoent ENOENT: no such file or directory, open '/Users/zacharytufford/Documents/chefsource/chefsourceIonic/lib32stdc++6'
20 error enoent This is most likely not a problem with npm itself
20 error enoent and is related to npm not being able to find a file.
21 verbose exit [ -2, true ]
